10:58:54 **** Rebuild of configuration Debug for project break ****
Info: Internal Builder is used for build
gcc -O0 -g3 -Wall -c -fmessage-length=0 -o "src\\break.o" "..\\src\\break.c" 
..\src\break.c: In function 'main':
..\src\break.c:22:10: warning: missing terminating " character
..\src\break.c:22:3: error: missing terminating " character
..\src\break.c:23:2: error: expected expression before '}' token
..\src\break.c:23:2: error: expected ';' before '}' token

10:58:54 Build Failed. 3 errors, 1 warnings. (took 193ms)

